2017-10-22 11:29:51,716 INFO  [org.jboss.modules] (main) JBoss Modules version 1.5.1.Final
2017-10-22 11:29:52,049 INFO  [org.jboss.msc] (main) JBoss MSC version 1.2.6.Final
2017-10-22 11:29:52,135 INFO  [org.jboss.as] (MSC service thread 1-6) WFLYSRV0049: WildFly Full 10.0.0.Final (WildFly Core 2.0.10.Final) starting
2017-10-22 11:29:52,137 DEBUG [org.jboss.as.config] (MSC service thread 1-6) Configured system properties:
	awt.toolkit = sun.awt.X11.XToolkit
	file.encoding = UTF-8
	file.encoding.pkg = sun.io
	file.separator = /
	java.awt.graphicsenv = sun.awt.X11GraphicsEnvironment
	java.awt.headless = true
	java.awt.printerjob = sun.print.PSPrinterJob
	java.class.path = /home/sgatius/Documentos/jboss-runtimes/wildfly-10.0.0.Final/jboss-modules.jar
	java.class.version = 52.0
	java.endorsed.dirs = /usr/lib/jvm/java-8-oracle/jre/lib/endorsed
	java.ext.dirs = /usr/lib/jvm/java-8-oracle/jre/lib/ext:/usr/java/packages/lib/ext
	java.home = /usr/lib/jvm/java-8-oracle/jre
	java.io.tmpdir = /tmp
	java.library.path = /usr/java/packages/lib/amd64:/usr/lib64:/lib64:/lib:/usr/lib
	java.net.preferIPv4Stack = true
	java.runtime.name = Java(TM) SE Runtime Environment
	java.runtime.version = 1.8.0_151-b12
	java.specification.name = Java Platform API Specification
	java.specification.vendor = Oracle Corporation
	java.specification.version = 1.8
	java.util.logging.manager = org.jboss.logmanager.LogManager
	java.vendor = Oracle Corporation
	java.vendor.url = http://java.oracle.com/
	java.vendor.url.bug = http://bugreport.sun.com/bugreport/
	java.version = 1.8.0_151
	java.vm.info = mixed mode
	java.vm.name = Java HotSpot(TM) 64-Bit Server VM
	java.vm.specification.name = Java Virtual Machine Specification
	java.vm.specification.vendor = Oracle Corporation
	java.vm.specification.version = 1.8
	java.vm.vendor = Oracle Corporation
	java.vm.version = 25.151-b12
	javax.management.builder.initial = org.jboss.as.jmx.PluggableMBeanServerBuilder
	javax.xml.datatype.DatatypeFactory = __redirected.__DatatypeFactory
	javax.xml.parsers.DocumentBuilderFactory = __redirected.__DocumentBuilderFactory
	javax.xml.parsers.SAXParserFactory = __redirected.__SAXParserFactory
	javax.xml.stream.XMLEventFactory = __redirected.__XMLEventFactory
	javax.xml.stream.XMLInputFactory = __redirected.__XMLInputFactory
	javax.xml.stream.XMLOutputFactory = __redirected.__XMLOutputFactory
	javax.xml.transform.TransformerFactory = __redirected.__TransformerFactory
	javax.xml.validation.SchemaFactory:http://www.w3.org/2001/XMLSchema = __redirected.__SchemaFactory
	javax.xml.xpath.XPathFactory:http://java.sun.com/jaxp/xpath/dom = __redirected.__XPathFactory
	jboss.bind.address = localhost
	jboss.bind.address.management = localhost
	jboss.home.dir = /home/sgatius/Documentos/jboss-runtimes/wildfly-10.0.0.Final
	jboss.host.name = sgv-k55vd
	jboss.modules.dir = /home/sgatius/Documentos/jboss-runtimes/wildfly-10.0.0.Final/modules
	jboss.modules.system.pkgs = org.jboss.byteman
	jboss.node.name = sgv-k55vd
	jboss.qualified.host.name = sgv-k55vd
	jboss.server.base.dir = /home/sgatius/Documentos/jboss-runtimes/wildfly-10.0.0.Final/standalone
	jboss.server.config.dir = /home/sgatius/Documentos/jboss-runtimes/wildfly-10.0.0.Final/standalone/configuration
	jboss.server.data.dir = /home/sgatius/Documentos/jboss-runtimes/wildfly-10.0.0.Final/standalone/data
	jboss.server.deploy.dir = /home/sgatius/Documentos/jboss-runtimes/wildfly-10.0.0.Final/standalone/data/content
	jboss.server.log.dir = /home/sgatius/Documentos/jboss-runtimes/wildfly-10.0.0.Final/standalone/log
	jboss.server.name = sgv-k55vd
	jboss.server.persist.config = true
	jboss.server.temp.dir = /home/sgatius/Documentos/jboss-runtimes/wildfly-10.0.0.Final/standalone/tmp
	line.separator = 

	logging.configuration = file:/home/sgatius/Documentos/jboss-runtimes/wildfly-10.0.0.Final/standalone/configuration/logging.properties
	module.path = /home/sgatius/Documentos/jboss-runtimes/wildfly-10.0.0.Final/modules
	org.jboss.boot.log.file = /home/sgatius/Documentos/jboss-runtimes/wildfly-10.0.0.Final/standalone/log/boot.log
	org.jboss.logmanager.nocolor = true
	org.jboss.resolver.warning = true
	org.xml.sax.driver = __redirected.__XMLReaderFactory
	os.arch = amd64
	os.name = Linux
	os.version = 4.10.0-35-generic
	path.separator = :
	program.name = JBossTools: WildFly 10.0
	sun.arch.data.model = 64
	sun.boot.class.path = /usr/lib/jvm/java-8-oracle/jre/lib/resources.jar:/usr/lib/jvm/java-8-oracle/jre/lib/rt.jar:/usr/lib/jvm/java-8-oracle/jre/lib/sunrsasign.jar:/usr/lib/jvm/java-8-oracle/jre/lib/jsse.jar:/usr/lib/jvm/java-8-oracle/jre/lib/jce.jar:/usr/lib/jvm/java-8-oracle/jre/lib/charsets.jar:/usr/lib/jvm/java-8-oracle/jre/lib/jfr.jar:/usr/lib/jvm/java-8-oracle/jre/classes
	sun.boot.library.path = /usr/lib/jvm/java-8-oracle/jre/lib/amd64
	sun.cpu.endian = little
	sun.cpu.isalist = 
	sun.desktop = gnome
	sun.io.unicode.encoding = UnicodeLittle
	sun.java.command = org.jboss.modules.Main -mp /home/sgatius/Documentos/jboss-runtimes/wildfly-10.0.0.Final/modules org.jboss.as.standalone -b localhost --server-config=standalone.xml -Djboss.server.base.dir=/home/sgatius/Documentos/jboss-runtimes/wildfly-10.0.0.Final/standalone
	sun.java.launcher = SUN_STANDARD
	sun.jnu.encoding = UTF-8
	sun.management.compiler = HotSpot 64-Bit Tiered Compilers
	sun.os.patch.level = unknown
	sun.rmi.dgc.client.gcInterval = 3600000
	sun.rmi.dgc.server.gcInterval = 3600000
	user.country = ES
	user.dir = /home/sgatius/Documentos/jboss-runtimes/wildfly-10.0.0.Final/bin
	user.home = /home/sgatius
	user.language = es
	user.name = sgatius
	user.timezone = Europe/Madrid
2017-10-22 11:29:52,137 DEBUG [org.jboss.as.config] (MSC service thread 1-6) VM Arguments: -Dprogram.name=JBossTools: WildFly 10.0 -Xms64m -Xmx512m -Dorg.jboss.resolver.warning=true -Djava.net.preferIPv4Stack=true -Dsun.rmi.dgc.client.gcInterval=3600000 -Dsun.rmi.dgc.server.gcInterval=3600000 -Djboss.modules.system.pkgs=org.jboss.byteman -Djava.awt.headless=true -Dorg.jboss.boot.log.file=/home/sgatius/Documentos/jboss-runtimes/wildfly-10.0.0.Final/standalone/log/boot.log -Dlogging.configuration=file:/home/sgatius/Documentos/jboss-runtimes/wildfly-10.0.0.Final/standalone/configuration/logging.properties -Djboss.home.dir=/home/sgatius/Documentos/jboss-runtimes/wildfly-10.0.0.Final -Dorg.jboss.logmanager.nocolor=true -Djboss.bind.address.management=localhost -Dfile.encoding=UTF-8 
2017-10-22 11:29:53,661 INFO  [org.jboss.as.server.deployment.scanner] (DeploymentScanner-threads - 1) WFLYDS0004: Found PersonalWebService.war in deployment directory. To trigger deployment create a file called PersonalWebService.war.dodeploy
2017-10-22 11:29:53,724 INFO  [org.jboss.as.server] (Controller Boot Thread) WFLYSRV0039: Creating http management service using socket-binding (management-http)
2017-10-22 11:29:53,744 INFO  [org.xnio] (MSC service thread 1-4) XNIO version 3.3.4.Final
2017-10-22 11:29:53,751 INFO  [org.xnio.nio] (MSC service thread 1-4) XNIO NIO Implementation Version 3.3.4.Final
2017-10-22 11:29:53,789 INFO  [org.jboss.remoting] (MSC service thread 1-2) JBoss Remoting version 4.0.18.Final
2017-10-22 11:29:53,813 INFO  [org.jboss.as.clustering.infinispan] (ServerService Thread Pool -- 38) WFLYCLINF0001: Activating Infinispan subsystem.
2017-10-22 11:29:53,822 INFO  [org.wildfly.extension.io] (ServerService Thread Pool -- 37) WFLYIO001: Worker 'default' has auto-configured to 16 core threads with 128 task threads based on your 8 available processors
2017-10-22 11:29:53,835 INFO  [org.jboss.as.jsf] (ServerService Thread Pool -- 44) WFLYJSF0007: Activated the following JSF Implementations: [main]
2017-10-22 11:29:53,850 WARN  [org.jboss.as.txn] (ServerService Thread Pool -- 54) WFLYTX0013: Node identifier property is set to the default value. Please make sure it is unique.
2017-10-22 11:29:53,851 INFO  [org.jboss.as.security] (ServerService Thread Pool -- 53) WFLYSEC0002: Activating Security Subsystem
2017-10-22 11:29:53,853 INFO  [org.jboss.as.security] (MSC service thread 1-8) WFLYSEC0001: Current PicketBox version=4.9.4.Final
2017-10-22 11:29:53,857 INFO  [org.jboss.as.webservices] (ServerService Thread Pool -- 56) WFLYWS0002: Activating WebServices Extension
2017-10-22 11:29:53,878 INFO  [org.jboss.as.naming] (ServerService Thread Pool -- 46) WFLYNAM0001: Activating Naming Subsystem
2017-10-22 11:29:54,008 INFO  [org.jboss.as.connector] (MSC service thread 1-2) WFLYJCA0009: Starting JCA Subsystem (WildFly/IronJacamar 1.3.2.Final)
2017-10-22 11:29:54,019 INFO  [org.wildfly.extension.undertow] (MSC service thread 1-4) WFLYUT0003: Undertow 1.3.15.Final starting
2017-10-22 11:29:54,019 INFO  [org.wildfly.extension.undertow] (ServerService Thread Pool -- 55) WFLYUT0003: Undertow 1.3.15.Final starting
2017-10-22 11:29:54,127 INFO  [org.jboss.as.connector.subsystems.datasources] (ServerService Thread Pool -- 33) WFLYJCA0004: Deploying JDBC-compliant driver class org.h2.Driver (version 1.3)
2017-10-22 11:29:54,131 INFO  [org.jboss.as.naming] (MSC service thread 1-4) WFLYNAM0003: Starting Naming Service
2017-10-22 11:29:54,131 INFO  [org.jboss.as.mail.extension] (MSC service thread 1-3) WFLYMAIL0001: Bound mail session [java:jboss/mail/Default]
2017-10-22 11:29:54,137 INFO  [org.jboss.as.connector.deployers.jdbc] (MSC service thread 1-7) WFLYJCA0018: Started Driver service with driver-name = h2
2017-10-22 11:29:54,140 INFO  [org.wildfly.extension.undertow] (ServerService Thread Pool -- 55) WFLYUT0014: Creating file handler for path '/home/sgatius/Documentos/jboss-runtimes/wildfly-10.0.0.Final/welcome-content' with options [directory-listing: 'false', follow-symlink: 'false', case-sensitive: 'true', safe-symlink-paths: '[]']
2017-10-22 11:29:54,315 INFO  [org.jboss.as.ejb3] (MSC service thread 1-7) WFLYEJB0481: Strict pool slsb-strict-max-pool is using a max instance size of 128 (per class), which is derived from thread worker pool sizing.
2017-10-22 11:29:54,315 INFO  [org.jboss.as.ejb3] (MSC service thread 1-5) WFLYEJB0482: Strict pool mdb-strict-max-pool is using a max instance size of 32 (per class), which is derived from the number of CPUs on this host.
2017-10-22 11:29:54,319 INFO  [org.wildfly.extension.undertow] (MSC service thread 1-1) WFLYUT0012: Started server default-server.
2017-10-22 11:29:54,320 INFO  [org.wildfly.extension.undertow] (MSC service thread 1-7) WFLYUT0018: Host default-host starting
2017-10-22 11:29:54,439 INFO  [org.wildfly.extension.undertow] (MSC service thread 1-1) WFLYUT0006: Undertow HTTP listener default listening on 127.0.0.1:8080
2017-10-22 11:29:54,628 INFO  [org.jboss.as.server.deployment] (MSC service thread 1-1) WFLYSRV0027: Starting deployment of "mysql-connector-java-5.1.44-bin.jar" (runtime-name: "mysql-connector-java-5.1.44-bin.jar")
2017-10-22 11:29:54,629 INFO  [org.jboss.as.server.deployment] (MSC service thread 1-3) WFLYSRV0027: Starting deployment of "PersonalWebService.war" (runtime-name: "PersonalWebService.war")
2017-10-22 11:29:54,630 INFO  [org.jboss.as.server.deployment.scanner] (MSC service thread 1-2) WFLYDS0013: Started FileSystemDeploymentService for directory /home/sgatius/Documentos/jboss-runtimes/wildfly-10.0.0.Final/standalone/deployments
2017-10-22 11:29:54,866 INFO  [org.infinispan.factories.GlobalComponentRegistry] (MSC service thread 1-3) ISPN000128: Infinispan version: Infinispan 'Mahou' 8.1.0.Final
2017-10-22 11:29:54,953 INFO  [org.jboss.ws.common.management] (MSC service thread 1-4) JBWS022052: Starting JBossWS 5.1.3.Final (Apache CXF 3.1.4) 
2017-10-22 11:29:55,018 INFO  [org.jboss.as.connector.subsystems.datasources] (MSC service thread 1-6) WFLYJCA0001: Bound data source [java:jboss/datasources/ExampleDS]
2017-10-22 11:29:55,097 INFO  [org.jboss.as.jpa] (MSC service thread 1-1) WFLYJPA0002: Read persistence.xml for PersonalWebService
2017-10-22 11:29:55,182 INFO  [org.jboss.as.connector.deployers.jdbc] (MSC service thread 1-4) WFLYJCA0005: Deploying non-JDBC-compliant driver class com.mysql.jdbc.Driver (version 5.1)
2017-10-22 11:29:55,183 INFO  [org.jboss.as.connector.deployers.jdbc] (MSC service thread 1-4) WFLYJCA0005: Deploying non-JDBC-compliant driver class com.mysql.fabric.jdbc.FabricMySQLDriver (version 5.1)
2017-10-22 11:29:55,198 INFO  [org.jboss.as.connector.deployers.jdbc] (MSC service thread 1-5) WFLYJCA0018: Started Driver service with driver-name = mysql-connector-java-5.1.44-bin.jar_com.mysql.jdbc.Driver_5_1
2017-10-22 11:29:55,199 INFO  [org.jboss.as.connector.deployers.jdbc] (MSC service thread 1-3) WFLYJCA0018: Started Driver service with driver-name = mysql-connector-java-5.1.44-bin.jar_com.mysql.fabric.jdbc.FabricMySQLDriver_5_1
2017-10-22 11:29:55,201 INFO  [org.jboss.as.connector.subsystems.datasources] (MSC service thread 1-8) WFLYJCA0001: Bound data source [java:jboss/datasources/MySqlDS]
2017-10-22 11:29:55,231 INFO  [org.jboss.as.jpa] (ServerService Thread Pool -- 58) WFLYJPA0010: Starting Persistence Unit (phase 1 of 2) Service 'PersonalWebService.war#PersonalWebService'
2017-10-22 11:29:55,653 INFO  [org.hibernate.jpa.internal.util.LogHelper] (ServerService Thread Pool -- 58) HHH000204: Processing PersistenceUnitInfo [
	name: PersonalWebService
	...]
2017-10-22 11:29:55,768 INFO  [org.jboss.as.connector.deployers.jdbc] (MSC service thread 1-3) WFLYJCA0005: Deploying non-JDBC-compliant driver class com.mysql.jdbc.Driver (version 5.1)
2017-10-22 11:29:55,769 INFO  [org.jboss.as.connector.deployers.jdbc] (MSC service thread 1-3) WFLYJCA0005: Deploying non-JDBC-compliant driver class com.mysql.fabric.jdbc.FabricMySQLDriver (version 5.1)
2017-10-22 11:29:55,831 INFO  [org.jboss.as.connector.deployers.jdbc] (MSC service thread 1-1) WFLYJCA0018: Started Driver service with driver-name = PersonalWebService.war_com.mysql.jdbc.Driver_5_1
2017-10-22 11:29:55,833 INFO  [org.jboss.as.connector.deployers.jdbc] (MSC service thread 1-7) WFLYJCA0018: Started Driver service with driver-name = PersonalWebService.war_com.mysql.fabric.jdbc.FabricMySQLDriver_5_1
2017-10-22 11:29:55,881 INFO  [org.hibernate.Version] (ServerService Thread Pool -- 58) HHH000412: Hibernate Core {5.0.7.Final}
2017-10-22 11:29:55,883 INFO  [org.hibernate.cfg.Environment] (ServerService Thread Pool -- 58) HHH000206: hibernate.properties not found
2017-10-22 11:29:55,885 INFO  [org.hibernate.cfg.Environment] (ServerService Thread Pool -- 58) HHH000021: Bytecode provider name : javassist
2017-10-22 11:29:55,946 INFO  [org.hibernate.orm.deprecation] (ServerService Thread Pool -- 58) HHH90000001: Found usage of deprecated setting for specifying Scanner [hibernate.ejb.resource_scanner]; use [hibernate.archive.scanner] instead
2017-10-22 11:29:55,957 INFO  [org.hibernate.annotations.common.Version] (ServerService Thread Pool -- 58) HCANN000001: Hibernate Commons Annotations {5.0.1.Final}
2017-10-22 11:29:56,051 INFO  [org.jboss.as.jpa] (ServerService Thread Pool -- 58) WFLYJPA0010: Starting Persistence Unit (phase 2 of 2) Service 'PersonalWebService.war#PersonalWebService'
2017-10-22 11:29:56,379 INFO  [org.hibernate.dialect.Dialect] (ServerService Thread Pool -- 58) HHH000400: Using dialect: org.hibernate.dialect.H2Dialect
2017-10-22 11:29:56,384 WARN  [org.hibernate.dialect.H2Dialect] (ServerService Thread Pool -- 58) HHH000431: Unable to determine H2 database version, certain features may not work
2017-10-22 11:29:56,429 INFO  [org.hibernate.envers.boot.internal.EnversServiceImpl] (ServerService Thread Pool -- 58) Envers integration enabled? : true
2017-10-22 11:29:56,768 INFO  [org.hibernate.validator.internal.util.Version] (ServerService Thread Pool -- 58) HV000001: Hibernate Validator 5.2.3.Final
2017-10-22 11:29:56,971 INFO  [org.hibernate.hql.internal.QueryTranslatorFactoryInitiator] (ServerService Thread Pool -- 58) HHH000397: Using ASTQueryTranslatorFactory
2017-10-22 11:29:57,279 INFO  [org.wildfly.extension.undertow] (ServerService Thread Pool -- 58) WFLYUT0021: Registered web context: /PersonalWebService
2017-10-22 11:29:57,306 INFO  [org.jboss.as.server] (Controller Boot Thread) WFLYSRV0010: Deployed "mysql-connector-java-5.1.44-bin.jar" (runtime-name : "mysql-connector-java-5.1.44-bin.jar")
2017-10-22 11:29:57,307 INFO  [org.jboss.as.server] (ServerService Thread Pool -- 34) WFLYSRV0010: Deployed "PersonalWebService.war" (runtime-name : "PersonalWebService.war")
2017-10-22 11:29:57,404 INFO  [org.jboss.as] (Controller Boot Thread) WFLYSRV0060: Http management interface listening on http://127.0.0.1:9990/management
2017-10-22 11:29:57,405 INFO  [org.jboss.as] (Controller Boot Thread) WFLYSRV0051: Admin console listening on http://127.0.0.1:9990
2017-10-22 11:29:57,405 INFO  [org.jboss.as] (Controller Boot Thread) WFLYSRV0025: WildFly Full 10.0.0.Final (WildFly Core 2.0.10.Final) started in 6104ms - Started 393 of 690 services (391 services are lazy, passive or on-demand)
2017-10-22 12:24:03,888 INFO  [org.jboss.as.server] (Thread-2) WFLYSRV0220: Server shutdown has been requested.
2017-10-22 12:24:03,908 INFO  [org.jboss.as.connector.deployers.jdbc] (MSC service thread 1-1) WFLYJCA0019: Stopped Driver service with driver-name = PersonalWebService.war_com.mysql.jdbc.Driver_5_1
2017-10-22 12:24:03,908 INFO  [org.jboss.as.connector.deployers.jdbc] (MSC service thread 1-1) WFLYJCA0019: Stopped Driver service with driver-name = mysql-connector-java-5.1.44-bin.jar_com.mysql.fabric.jdbc.FabricMySQLDriver_5_1
2017-10-22 12:24:03,910 INFO  [org.jboss.as.connector.deployers.jdbc] (MSC service thread 1-6) WFLYJCA0019: Stopped Driver service with driver-name = PersonalWebService.war_com.mysql.fabric.jdbc.FabricMySQLDriver_5_1
2017-10-22 12:24:03,925 INFO  [org.jboss.as.connector.subsystems.datasources] (MSC service thread 1-2) WFLYJCA0010: Unbound data source [java:jboss/datasources/MySqlDS]
2017-10-22 12:24:03,942 INFO  [org.jboss.as.connector.deployers.jdbc] (MSC service thread 1-1) WFLYJCA0019: Stopped Driver service with driver-name = mysql-connector-java-5.1.44-bin.jar_com.mysql.jdbc.Driver_5_1
2017-10-22 12:24:03,945 INFO  [org.wildfly.extension.undertow] (ServerService Thread Pool -- 66) WFLYUT0022: Unregistered web context: /PersonalWebService
2017-10-22 12:24:03,954 INFO  [org.jboss.as.server.deployment] (MSC service thread 1-7) WFLYSRV0028: Stopped deployment mysql-connector-java-5.1.44-bin.jar (runtime-name: mysql-connector-java-5.1.44-bin.jar) in 60ms
2017-10-22 12:24:03,959 INFO  [org.wildfly.extension.undertow] (MSC service thread 1-3) WFLYUT0019: Host default-host stopping
2017-10-22 12:24:03,962 INFO  [org.jboss.as.jpa] (ServerService Thread Pool -- 68) WFLYJPA0011: Stopping Persistence Unit (phase 2 of 2) Service 'PersonalWebService.war#PersonalWebService'
2017-10-22 12:24:03,971 INFO  [org.jboss.as.jpa] (ServerService Thread Pool -- 68) WFLYJPA0011: Stopping Persistence Unit (phase 1 of 2) Service 'PersonalWebService.war#PersonalWebService'
2017-10-22 12:24:03,972 INFO  [org.jboss.as.connector.subsystems.datasources] (MSC service thread 1-1) WFLYJCA0010: Unbound data source [java:jboss/datasources/ExampleDS]
2017-10-22 12:24:03,974 INFO  [org.jboss.as.server.deployment] (MSC service thread 1-6) WFLYSRV0028: Stopped deployment PersonalWebService.war (runtime-name: PersonalWebService.war) in 80ms
2017-10-22 12:24:03,975 INFO  [org.wildfly.extension.undertow] (MSC service thread 1-6) WFLYUT0008: Undertow HTTP listener default suspending
2017-10-22 12:24:03,975 INFO  [org.wildfly.extension.undertow] (MSC service thread 1-6) WFLYUT0007: Undertow HTTP listener default stopped, was bound to 127.0.0.1:8080
2017-10-22 12:24:03,976 INFO  [org.wildfly.extension.undertow] (MSC service thread 1-6) WFLYUT0004: Undertow 1.3.15.Final stopping
2017-10-22 12:24:03,977 INFO  [org.jboss.as.connector.deployers.jdbc] (MSC service thread 1-1) WFLYJCA0019: Stopped Driver service with driver-name = h2
2017-10-22 12:24:03,989 INFO  [org.jboss.as] (MSC service thread 1-5) WFLYSRV0050: WildFly Full 10.0.0.Final (WildFly Core 2.0.10.Final) stopped in 81ms
