2017-10-21 23:08:29,845 8666678 [   ModalContext] ERROR egistry.ProjectRegistryManager  - Failed to read Maven project: 1 problem was encountered while building the effective model
[FATAL] Non-readable POM /home/sgatius/Documentos/jboss-workspace/PersonalWebService/pom.xml: /home/sgatius/Documentos/jboss-workspace/PersonalWebService/pom.xml (No existe el archivo o el directorio) @ 
 for project  at /home/sgatius/Documentos/jboss-workspace/PersonalWebService/pom.xml
org.apache.maven.project.ProjectBuildingException: 1 problem was encountered while building the effective model
[FATAL] Non-readable POM /home/sgatius/Documentos/jboss-workspace/PersonalWebService/pom.xml: /home/sgatius/Documentos/jboss-workspace/PersonalWebService/pom.xml (No existe el archivo o el directorio) @ 
 for project  at /home/sgatius/Documentos/jboss-workspace/PersonalWebService/pom.xml
	at org.apache.maven.project.DefaultProjectBuilder.build(DefaultProjectBuilder.java:168)
	at org.apache.maven.project.DefaultProjectBuilder.build(DefaultProjectBuilder.java:119)
	at org.eclipse.m2e.core.internal.embedder.MavenImpl.readMavenProject(MavenImpl.java:636)
	at org.eclipse.m2e.core.internal.project.registry.ProjectRegistryManager$5.call(ProjectRegistryManager.java:816)
	at org.eclipse.m2e.core.internal.project.registry.ProjectRegistryManager$5.call(ProjectRegistryManager.java:1)
	at org.eclipse.m2e.core.internal.embedder.MavenExecutionContext.executeBare(MavenExecutionContext.java:176)
	at org.eclipse.m2e.core.internal.embedder.MavenExecutionContext.execute(MavenExecutionContext.java:151)
	at org.eclipse.m2e.core.internal.embedder.MavenExecutionContext.execute(MavenExecutionContext.java:99)
	at org.eclipse.m2e.core.internal.project.registry.ProjectRegistryManager.execute(ProjectRegistryManager.java:967)
	at org.eclipse.m2e.core.internal.project.registry.ProjectRegistryManager.readProjectWithDependencies(ProjectRegistryManager.java:811)
	at org.eclipse.m2e.core.internal.project.registry.ProjectRegistryManager.create(ProjectRegistryManager.java:192)
	at org.eclipse.m2e.core.internal.project.registry.MavenProjectManager.create(MavenProjectManager.java:80)
	at org.fusesource.ide.camel.model.service.core.util.CamelMavenUtils.getMavenProjectFacade(CamelMavenUtils.java:103)
	at org.fusesource.ide.camel.model.service.core.util.CamelMavenUtils.getDependencyList(CamelMavenUtils.java:168)
	at org.fusesource.ide.camel.model.service.core.util.CamelMavenUtils.getDependencyList(CamelMavenUtils.java:164)
	at org.fusesource.ide.camel.model.service.core.util.CamelMavenUtils.getCamelVersionFromMaven(CamelMavenUtils.java:122)
	at org.fusesource.ide.camel.model.service.core.util.CamelMavenUtils.getCamelVersionFromMaven(CamelMavenUtils.java:107)
	at org.fusesource.ide.camel.model.service.core.util.ProjectClasspathChangedListener.notifyClasspathChanged(ProjectClasspathChangedListener.java:134)
	at org.fusesource.ide.camel.model.service.core.util.ProjectClasspathChangedListener.visit(ProjectClasspathChangedListener.java:123)
	at org.fusesource.ide.camel.model.service.core.util.ProjectClasspathChangedListener.visitChildren(ProjectClasspathChangedListener.java:78)
	at org.fusesource.ide.camel.model.service.core.util.ProjectClasspathChangedListener.visit(ProjectClasspathChangedListener.java:119)
	at org.fusesource.ide.camel.model.service.core.util.ProjectClasspathChangedListener.elementChanged(ProjectClasspathChangedListener.java:52)
	at org.eclipse.jdt.internal.core.DeltaProcessor$3.run(DeltaProcessor.java:1703)
	at org.eclipse.core.runtime.SafeRunner.run(SafeRunner.java:42)
	at org.eclipse.jdt.internal.core.DeltaProcessor.notifyListeners(DeltaProcessor.java:1693)
	at org.eclipse.jdt.internal.core.DeltaProcessor.firePostChangeDelta(DeltaProcessor.java:1527)
	at org.eclipse.jdt.internal.core.DeltaProcessor.fire(DeltaProcessor.java:1503)
	at org.eclipse.jdt.internal.core.DeltaProcessor.notifyAndFire(DeltaProcessor.java:2219)
	at org.eclipse.jdt.internal.core.DeltaProcessor.resourceChanged(DeltaProcessor.java:2109)
	at org.eclipse.jdt.internal.core.DeltaProcessingState.resourceChanged(DeltaProcessingState.java:473)
	at org.eclipse.core.internal.events.NotificationManager$1.run(NotificationManager.java:299)
	at org.eclipse.core.runtime.SafeRunner.run(SafeRunner.java:42)
	at org.eclipse.core.internal.events.NotificationManager.notify(NotificationManager.java:289)
	at org.eclipse.core.internal.events.NotificationManager.broadcastChanges(NotificationManager.java:152)
	at org.eclipse.core.internal.resources.Workspace.broadcastPostChange(Workspace.java:374)
	at org.eclipse.core.internal.resources.Workspace.endOperation(Workspace.java:1469)
	at org.eclipse.core.internal.resources.Workspace.run(Workspace.java:2253)
	at org.eclipse.core.internal.resources.Workspace.run(Workspace.java:2267)
	at org.eclipse.wst.common.project.facet.ui.ModifyFacetedProjectWizard$4.run(ModifyFacetedProjectWizard.java:345)
	at org.eclipse.jface.operation.ModalContext$ModalContextThread.run(ModalContext.java:119)
Caused by: org.apache.maven.model.building.ModelBuildingException: 1 problem was encountered while building the effective model
[FATAL] Non-readable POM /home/sgatius/Documentos/jboss-workspace/PersonalWebService/pom.xml: /home/sgatius/Documentos/jboss-workspace/PersonalWebService/pom.xml (No existe el archivo o el directorio) @ 

	at org.apache.maven.model.building.DefaultModelProblemCollector.newModelBuildingException(DefaultModelProblemCollector.java:197)
	at org.apache.maven.model.building.DefaultModelBuilder.readModel(DefaultModelBuilder.java:598)
	at org.apache.maven.model.building.DefaultModelBuilder.build(DefaultModelBuilder.java:273)
	at org.apache.maven.project.DefaultProjectBuilder.build(DefaultProjectBuilder.java:161)
	... 39 more
2017-10-21 23:08:30,727 8667560 [   ModalContext] ERROR egistry.ProjectRegistryManager  - Failed to read Maven project: 1 problem was encountered while building the effective model
[FATAL] Non-readable POM /home/sgatius/Documentos/jboss-workspace/PersonalWebService/pom.xml: /home/sgatius/Documentos/jboss-workspace/PersonalWebService/pom.xml (No existe el archivo o el directorio) @ 
 for project  at /home/sgatius/Documentos/jboss-workspace/PersonalWebService/pom.xml
org.apache.maven.project.ProjectBuildingException: 1 problem was encountered while building the effective model
[FATAL] Non-readable POM /home/sgatius/Documentos/jboss-workspace/PersonalWebService/pom.xml: /home/sgatius/Documentos/jboss-workspace/PersonalWebService/pom.xml (No existe el archivo o el directorio) @ 
 for project  at /home/sgatius/Documentos/jboss-workspace/PersonalWebService/pom.xml
	at org.apache.maven.project.DefaultProjectBuilder.build(DefaultProjectBuilder.java:168)
	at org.apache.maven.project.DefaultProjectBuilder.build(DefaultProjectBuilder.java:119)
	at org.eclipse.m2e.core.internal.embedder.MavenImpl.readMavenProject(MavenImpl.java:636)
	at org.eclipse.m2e.core.internal.project.registry.ProjectRegistryManager$5.call(ProjectRegistryManager.java:816)
	at org.eclipse.m2e.core.internal.project.registry.ProjectRegistryManager$5.call(ProjectRegistryManager.java:1)
	at org.eclipse.m2e.core.internal.embedder.MavenExecutionContext.executeBare(MavenExecutionContext.java:176)
	at org.eclipse.m2e.core.internal.embedder.MavenExecutionContext.execute(MavenExecutionContext.java:151)
	at org.eclipse.m2e.core.internal.embedder.MavenExecutionContext.execute(MavenExecutionContext.java:99)
	at org.eclipse.m2e.core.internal.project.registry.ProjectRegistryManager.execute(ProjectRegistryManager.java:967)
	at org.eclipse.m2e.core.internal.project.registry.ProjectRegistryManager.readProjectWithDependencies(ProjectRegistryManager.java:811)
	at org.eclipse.m2e.core.internal.project.registry.ProjectRegistryManager.create(ProjectRegistryManager.java:192)
	at org.eclipse.m2e.core.internal.project.registry.MavenProjectManager.create(MavenProjectManager.java:80)
	at org.fusesource.ide.camel.model.service.core.util.CamelMavenUtils.getMavenProjectFacade(CamelMavenUtils.java:103)
	at org.fusesource.ide.camel.model.service.core.util.CamelMavenUtils.getRepositories(CamelMavenUtils.java:44)
	at org.fusesource.ide.camel.model.service.core.catalog.cache.CamelCatalogCacheManager.getCamelModelForProject(CamelCatalogCacheManager.java:85)
	at org.fusesource.ide.camel.model.service.core.util.ProjectClasspathChangedListener.notifyClasspathChanged(ProjectClasspathChangedListener.java:144)
	at org.fusesource.ide.camel.model.service.core.util.ProjectClasspathChangedListener.visit(ProjectClasspathChangedListener.java:123)
	at org.fusesource.ide.camel.model.service.core.util.ProjectClasspathChangedListener.visitChildren(ProjectClasspathChangedListener.java:78)
	at org.fusesource.ide.camel.model.service.core.util.ProjectClasspathChangedListener.visit(ProjectClasspathChangedListener.java:119)
	at org.fusesource.ide.camel.model.service.core.util.ProjectClasspathChangedListener.elementChanged(ProjectClasspathChangedListener.java:52)
	at org.eclipse.jdt.internal.core.DeltaProcessor$3.run(DeltaProcessor.java:1703)
	at org.eclipse.core.runtime.SafeRunner.run(SafeRunner.java:42)
	at org.eclipse.jdt.internal.core.DeltaProcessor.notifyListeners(DeltaProcessor.java:1693)
	at org.eclipse.jdt.internal.core.DeltaProcessor.firePostChangeDelta(DeltaProcessor.java:1527)
	at org.eclipse.jdt.internal.core.DeltaProcessor.fire(DeltaProcessor.java:1503)
	at org.eclipse.jdt.internal.core.DeltaProcessor.notifyAndFire(DeltaProcessor.java:2219)
	at org.eclipse.jdt.internal.core.DeltaProcessor.resourceChanged(DeltaProcessor.java:2109)
	at org.eclipse.jdt.internal.core.DeltaProcessingState.resourceChanged(DeltaProcessingState.java:473)
	at org.eclipse.core.internal.events.NotificationManager$1.run(NotificationManager.java:299)
	at org.eclipse.core.runtime.SafeRunner.run(SafeRunner.java:42)
	at org.eclipse.core.internal.events.NotificationManager.notify(NotificationManager.java:289)
	at org.eclipse.core.internal.events.NotificationManager.broadcastChanges(NotificationManager.java:152)
	at org.eclipse.core.internal.resources.Workspace.broadcastPostChange(Workspace.java:374)
	at org.eclipse.core.internal.resources.Workspace.endOperation(Workspace.java:1469)
	at org.eclipse.core.internal.resources.Workspace.run(Workspace.java:2253)
	at org.eclipse.core.internal.resources.Workspace.run(Workspace.java:2267)
	at org.eclipse.wst.common.project.facet.ui.ModifyFacetedProjectWizard$4.run(ModifyFacetedProjectWizard.java:345)
	at org.eclipse.jface.operation.ModalContext$ModalContextThread.run(ModalContext.java:119)
Caused by: org.apache.maven.model.building.ModelBuildingException: 1 problem was encountered while building the effective model
[FATAL] Non-readable POM /home/sgatius/Documentos/jboss-workspace/PersonalWebService/pom.xml: /home/sgatius/Documentos/jboss-workspace/PersonalWebService/pom.xml (No existe el archivo o el directorio) @ 

	at org.apache.maven.model.building.DefaultModelProblemCollector.newModelBuildingException(DefaultModelProblemCollector.java:197)
	at org.apache.maven.model.building.DefaultModelBuilder.readModel(DefaultModelBuilder.java:598)
	at org.apache.maven.model.building.DefaultModelBuilder.build(DefaultModelBuilder.java:273)
	at org.apache.maven.project.DefaultProjectBuilder.build(DefaultProjectBuilder.java:161)
	... 37 more
