2017-10-14 15:50:26,394 INFO  [org.jboss.modules] (main) JBoss Modules version 1.5.1.Final-redhat-1
2017-10-14 15:50:27,559 INFO  [org.jboss.msc] (main) JBoss MSC version 1.2.6.Final-redhat-1
2017-10-14 15:50:27,676 INFO  [org.jboss.as] (MSC service thread 1-6) WFLYSRV0049: JBoss EAP 7.0.0.GA (WildFly Core 2.1.2.Final-redhat-1) iniciando
2017-10-14 15:50:27,677 DEBUG [org.jboss.as.config] (MSC service thread 1-6) Propiedades del sistema configuradas:
	awt.toolkit = sun.awt.X11.XToolkit
	file.encoding = UTF-8
	file.encoding.pkg = sun.io
	file.separator = /
	java.awt.graphicsenv = sun.awt.X11GraphicsEnvironment
	java.awt.headless = true
	java.awt.printerjob = sun.print.PSPrinterJob
	java.class.path = /home/sgatius/Documentos/jboss-runtimes/jboss-eap-7.0/jboss-modules.jar
	java.class.version = 52.0
	java.endorsed.dirs = /usr/lib/jvm/java-8-oracle/jre/lib/endorsed
	java.ext.dirs = /usr/lib/jvm/java-8-oracle/jre/lib/ext:/usr/java/packages/lib/ext
	java.home = /usr/lib/jvm/java-8-oracle/jre
	java.io.tmpdir = /tmp
	java.library.path = /usr/java/packages/lib/amd64:/usr/lib64:/lib64:/lib:/usr/lib
	java.net.preferIPv4Stack = true
	java.runtime.name = Java(TM) SE Runtime Environment
	java.runtime.version = 1.8.0_144-b01
	java.specification.name = Java Platform API Specification
	java.specification.vendor = Oracle Corporation
	java.specification.version = 1.8
	java.util.logging.manager = org.jboss.logmanager.LogManager
	java.vendor = Oracle Corporation
	java.vendor.url = http://java.oracle.com/
	java.vendor.url.bug = http://bugreport.sun.com/bugreport/
	java.version = 1.8.0_144
	java.vm.info = mixed mode
	java.vm.name = Java HotSpot(TM) 64-Bit Server VM
	java.vm.specification.name = Java Virtual Machine Specification
	java.vm.specification.vendor = Oracle Corporation
	java.vm.specification.version = 1.8
	java.vm.vendor = Oracle Corporation
	java.vm.version = 25.144-b01
	javax.management.builder.initial = org.jboss.as.jmx.PluggableMBeanServerBuilder
	javax.xml.datatype.DatatypeFactory = __redirected.__DatatypeFactory
	javax.xml.parsers.DocumentBuilderFactory = __redirected.__DocumentBuilderFactory
	javax.xml.parsers.SAXParserFactory = __redirected.__SAXParserFactory
	javax.xml.stream.XMLEventFactory = __redirected.__XMLEventFactory
	javax.xml.stream.XMLInputFactory = __redirected.__XMLInputFactory
	javax.xml.stream.XMLOutputFactory = __redirected.__XMLOutputFactory
	javax.xml.transform.TransformerFactory = __redirected.__TransformerFactory
	javax.xml.validation.SchemaFactory:http://www.w3.org/2001/XMLSchema = __redirected.__SchemaFactory
	javax.xml.xpath.XPathFactory:http://java.sun.com/jaxp/xpath/dom = __redirected.__XPathFactory
	jboss.bind.address = localhost
	jboss.bind.address.management = localhost
	jboss.home.dir = /home/sgatius/Documentos/jboss-runtimes/jboss-eap-7.0
	jboss.host.name = sgv-k55vd
	jboss.modules.dir = /home/sgatius/Documentos/jboss-runtimes/jboss-eap-7.0/modules
	jboss.modules.system.pkgs = org.jboss.byteman
	jboss.node.name = sgv-k55vd
	jboss.qualified.host.name = sgv-k55vd
	jboss.server.base.dir = /home/sgatius/Documentos/jboss-runtimes/jboss-eap-7.0/standalone
	jboss.server.config.dir = /home/sgatius/Documentos/jboss-runtimes/jboss-eap-7.0/standalone/configuration
	jboss.server.data.dir = /home/sgatius/Documentos/jboss-runtimes/jboss-eap-7.0/standalone/data
	jboss.server.deploy.dir = /home/sgatius/Documentos/jboss-runtimes/jboss-eap-7.0/standalone/data/content
	jboss.server.log.dir = /home/sgatius/Documentos/jboss-runtimes/jboss-eap-7.0/standalone/log
	jboss.server.name = sgv-k55vd
	jboss.server.persist.config = true
	jboss.server.temp.dir = /home/sgatius/Documentos/jboss-runtimes/jboss-eap-7.0/standalone/tmp
	line.separator = 

	logging.configuration = file:/home/sgatius/Documentos/jboss-runtimes/jboss-eap-7.0/standalone/configuration/logging.properties
	module.path = /home/sgatius/Documentos/jboss-runtimes/jboss-eap-7.0/modules
	org.jboss.boot.log.file = /home/sgatius/Documentos/jboss-runtimes/jboss-eap-7.0/standalone/log/boot.log
	org.jboss.logmanager.nocolor = true
	org.jboss.resolver.warning = true
	org.xml.sax.driver = __redirected.__XMLReaderFactory
	os.arch = amd64
	os.name = Linux
	os.version = 4.10.0-35-generic
	path.separator = :
	program.name = JBossTools: Red Hat JBoss EAP 7.0
	sun.arch.data.model = 64
	sun.boot.class.path = /usr/lib/jvm/java-8-oracle/jre/lib/resources.jar:/usr/lib/jvm/java-8-oracle/jre/lib/rt.jar:/usr/lib/jvm/java-8-oracle/jre/lib/sunrsasign.jar:/usr/lib/jvm/java-8-oracle/jre/lib/jsse.jar:/usr/lib/jvm/java-8-oracle/jre/lib/jce.jar:/usr/lib/jvm/java-8-oracle/jre/lib/charsets.jar:/usr/lib/jvm/java-8-oracle/jre/lib/jfr.jar:/usr/lib/jvm/java-8-oracle/jre/classes
	sun.boot.library.path = /usr/lib/jvm/java-8-oracle/jre/lib/amd64
	sun.cpu.endian = little
	sun.cpu.isalist = 
	sun.desktop = gnome
	sun.io.unicode.encoding = UnicodeLittle
	sun.java.command = org.jboss.modules.Main -mp /home/sgatius/Documentos/jboss-runtimes/jboss-eap-7.0/modules org.jboss.as.standalone -b localhost --server-config=standalone.xml -Djboss.server.base.dir=/home/sgatius/Documentos/jboss-runtimes/jboss-eap-7.0/standalone
	sun.java.launcher = SUN_STANDARD
	sun.jnu.encoding = UTF-8
	sun.management.compiler = HotSpot 64-Bit Tiered Compilers
	sun.os.patch.level = unknown
	sun.rmi.dgc.client.gcInterval = 3600000
	sun.rmi.dgc.server.gcInterval = 3600000
	user.country = ES
	user.dir = /home/sgatius/Documentos/jboss-runtimes/jboss-eap-7.0/bin
	user.home = /home/sgatius
	user.language = es
	user.name = sgatius
	user.timezone = Europe/Madrid
2017-10-14 15:50:27,678 DEBUG [org.jboss.as.config] (MSC service thread 1-6) Argumentos de VM: -Dprogram.name=JBossTools: Red Hat JBoss EAP 7.0 -Xms64m -Xmx512m -Dorg.jboss.resolver.warning=true -Djava.net.preferIPv4Stack=true -Dsun.rmi.dgc.client.gcInterval=3600000 -Dsun.rmi.dgc.server.gcInterval=3600000 -Djboss.modules.system.pkgs=org.jboss.byteman -Djava.awt.headless=true -Dorg.jboss.boot.log.file=/home/sgatius/Documentos/jboss-runtimes/jboss-eap-7.0/standalone/log/boot.log -Dlogging.configuration=file:/home/sgatius/Documentos/jboss-runtimes/jboss-eap-7.0/standalone/configuration/logging.properties -Djboss.home.dir=/home/sgatius/Documentos/jboss-runtimes/jboss-eap-7.0 -Dorg.jboss.logmanager.nocolor=true -Djboss.bind.address.management=localhost -Dfile.encoding=UTF-8 
2017-10-14 15:50:32,196 INFO  [org.jboss.as.server] (Controller Boot Thread) WFLYSRV0039: Creando el servicio de administración http utilizando el enlace de socket (management-http) 
2017-10-14 15:50:32,218 INFO  [org.xnio] (MSC service thread 1-5) XNIO version 3.3.6.Final-redhat-1
2017-10-14 15:50:32,238 INFO  [org.xnio.nio] (MSC service thread 1-5) XNIO NIO Implementation Version 3.3.6.Final-redhat-1
2017-10-14 15:50:32,286 INFO  [org.jboss.remoting] (MSC service thread 1-1) JBoss Remoting version 4.0.18.Final-redhat-1
